\BOOKMARK [0][-]{section*.1}{\376\377\000A\000c\000k\000n\000o\000w\000l\000e\000d\000g\000e\000m\000e\000n\000t\000s}{}% 1
\BOOKMARK [0][-]{section*.2}{\376\377\000T\000a\000b\000l\000e\000\040\000o\000f\000\040\000C\000o\000n\000t\000e\000n\000t\000s}{}% 2
\BOOKMARK [0][-]{section*.3}{\376\377\000L\000i\000s\000t\000\040\000o\000f\000\040\000T\000a\000b\000l\000e\000s}{}% 3
\BOOKMARK [0][-]{section*.4}{\376\377\000L\000i\000s\000t\000\040\000o\000f\000\040\000F\000i\000g\000u\000r\000e\000s}{}% 4
\BOOKMARK [0][-]{section*.5}{\376\377\000A\000b\000s\000t\000r\000a\000c\000t}{}% 5
\BOOKMARK [0][-]{chapter.1}{\376\377\000I\000n\000t\000r\000o\000d\000u\000c\000t\000i\000o\000n}{}% 6
\BOOKMARK [1][-]{section.1.1}{\376\377\000I\000n\000t\000r\000o\000d\000u\000c\000t\000i\000o\000n}{chapter.1}% 7
\BOOKMARK [1][-]{section.1.2}{\376\377\000R\000e\000l\000a\000t\000e\000d\000\040\000W\000o\000r\000k}{chapter.1}% 8
\BOOKMARK [1][-]{section.1.3}{\376\377\000S\000u\000m\000m\000a\000r\000y}{chapter.1}% 9
\BOOKMARK [0][-]{chapter.2}{\376\377\000L\000i\000t\000e\000r\000a\000t\000u\000r\000e\000\040\000R\000e\000v\000i\000e\000w}{}% 10
\BOOKMARK [1][-]{section.2.1}{\376\377\000I\000n\000t\000r\000o\000d\000u\000c\000t\000i\000o\000n}{chapter.2}% 11
\BOOKMARK [1][-]{section.2.2}{\376\377\000R\000e\000l\000a\000t\000e\000d\000\040\000W\000o\000r\000k}{chapter.2}% 12
\BOOKMARK [1][-]{section.2.3}{\376\377\000S\000u\000m\000m\000a\000r\000y}{chapter.2}% 13
\BOOKMARK [0][-]{chapter.3}{\376\377\000A\000r\000c\000h\000i\000t\000e\000c\000t\000u\000r\000e}{}% 14
\BOOKMARK [1][-]{section.3.1}{\376\377\000I\000n\000t\000r\000o\000d\000u\000c\000t\000i\000o\000n}{chapter.3}% 15
\BOOKMARK [1][-]{section.3.2}{\376\377\000R\000e\000l\000a\000t\000e\000d\000\040\000W\000o\000r\000k}{chapter.3}% 16
\BOOKMARK [1][-]{section.3.3}{\376\377\000S\000u\000m\000m\000a\000r\000y}{chapter.3}% 17
\BOOKMARK [0][-]{chapter.4}{\376\377\000N\000e\000t\000l\000i\000s\000t\000\040\000R\000e\000a\000d\000e\000r}{}% 18
\BOOKMARK [1][-]{section.4.1}{\376\377\000I\000n\000t\000r\000o\000d\000u\000c\000t\000i\000o\000n}{chapter.4}% 19
\BOOKMARK [1][-]{section.4.2}{\376\377\000R\000e\000l\000a\000t\000e\000d\000\040\000W\000o\000r\000k}{chapter.4}% 20
\BOOKMARK [1][-]{section.4.3}{\376\377\000S\000u\000m\000m\000a\000r\000y}{chapter.4}% 21
\BOOKMARK [0][-]{chapter.5}{\376\377\000M\000a\000t\000h\000e\000m\000a\000t\000i\000c\000a\000l\000\040\000M\000o\000d\000e\000l\000l\000i\000n\000g}{}% 22
\BOOKMARK [1][-]{section.5.1}{\376\377\000I\000n\000t\000r\000o\000d\000u\000c\000t\000i\000o\000n}{chapter.5}% 23
\BOOKMARK [1][-]{section.5.2}{\376\377\000D\000e\000v\000i\000c\000e\000s}{chapter.5}% 24
\BOOKMARK [2][-]{subsection.5.2.1}{\376\377\000R\000e\000s\000i\000s\000t\000o\000r}{section.5.2}% 25
\BOOKMARK [3][-]{subsubsection.5.2.1.1}{\376\377\000D\000e\000v\000i\000c\000e\000\040\000M\000o\000d\000e\000l}{subsection.5.2.1}% 26
\BOOKMARK [3][-]{subsubsection.5.2.1.2}{\376\377\000S\000o\000f\000t\000w\000a\000r\000e\000\040\000I\000m\000p\000l\000e\000m\000e\000n\000t\000a\000t\000i\000o\000n}{subsection.5.2.1}% 27
\BOOKMARK [3][-]{subsubsection.5.2.1.3}{\376\377\000W\000o\000r\000k\000f\000l\000o\000w\000\040\000a\000n\000d\000\040\000F\000l\000o\000w\000c\000h\000a\000r\000t}{subsection.5.2.1}% 28
\BOOKMARK [2][-]{subsection.5.2.2}{\376\377\000C\000a\000p\000a\000c\000i\000t\000o\000r}{section.5.2}% 29
\BOOKMARK [3][-]{subsubsection.5.2.2.1}{\376\377\000D\000e\000v\000i\000c\000e\000\040\000M\000o\000d\000e\000l}{subsection.5.2.2}% 30
\BOOKMARK [3][-]{subsubsection.5.2.2.2}{\376\377\000S\000o\000f\000t\000w\000a\000r\000e\000\040\000I\000m\000p\000l\000e\000m\000e\000n\000t\000a\000t\000i\000o\000n}{subsection.5.2.2}% 31
\BOOKMARK [3][-]{subsubsection.5.2.2.3}{\376\377\000W\000o\000r\000k\000f\000l\000o\000w\000\040\000a\000n\000d\000\040\000F\000l\000o\000w\000c\000h\000a\000r\000t}{subsection.5.2.2}% 32
\BOOKMARK [2][-]{subsection.5.2.3}{\376\377\000I\000n\000d\000u\000c\000t\000o\000r}{section.5.2}% 33
\BOOKMARK [3][-]{subsubsection.5.2.3.1}{\376\377\000D\000e\000v\000i\000c\000e\000\040\000M\000o\000d\000e\000l}{subsection.5.2.3}% 34
\BOOKMARK [3][-]{subsubsection.5.2.3.2}{\376\377\000S\000o\000f\000t\000w\000a\000r\000e\000\040\000I\000m\000p\000l\000e\000m\000e\000n\000t\000a\000t\000i\000o\000n}{subsection.5.2.3}% 35
\BOOKMARK [3][-]{subsubsection.5.2.3.3}{\376\377\000W\000o\000r\000k\000f\000l\000o\000w\000\040\000a\000n\000d\000\040\000F\000l\000o\000w\000c\000h\000a\000r\000t}{subsection.5.2.3}% 36
\BOOKMARK [2][-]{subsection.5.2.4}{\376\377\000D\000i\000o\000d\000e}{section.5.2}% 37
\BOOKMARK [3][-]{subsubsection.5.2.4.1}{\376\377\000D\000e\000v\000i\000c\000e\000\040\000M\000o\000d\000e\000l}{subsection.5.2.4}% 38
\BOOKMARK [3][-]{subsubsection.5.2.4.2}{\376\377\000S\000o\000f\000t\000w\000a\000r\000e\000\040\000I\000m\000p\000l\000e\000m\000e\000n\000t\000a\000t\000i\000o\000n}{subsection.5.2.4}% 39
\BOOKMARK [3][-]{subsubsection.5.2.4.3}{\376\377\000W\000o\000r\000k\000f\000l\000o\000w\000\040\000a\000n\000d\000\040\000F\000l\000o\000w\000c\000h\000a\000r\000t}{subsection.5.2.4}% 40
\BOOKMARK [2][-]{subsection.5.2.5}{\376\377\000J\000u\000n\000c\000t\000i\000o\000n\000\040\000F\000i\000e\000l\000d\000-\000E\000f\000f\000e\000c\000t\000\040\000T\000r\000a\000n\000s\000i\000s\000t\000o\000r\000\040\000\050\000J\000F\000E\000T\000\051}{section.5.2}% 41
\BOOKMARK [3][-]{subsubsection.5.2.5.1}{\376\377\000D\000e\000v\000i\000c\000e\000\040\000M\000o\000d\000e\000l}{subsection.5.2.5}% 42
\BOOKMARK [3][-]{subsubsection.5.2.5.2}{\376\377\000S\000o\000f\000t\000w\000a\000r\000e\000\040\000I\000m\000p\000l\000e\000m\000e\000n\000t\000a\000t\000i\000o\000n}{subsection.5.2.5}% 43
\BOOKMARK [3][-]{subsubsection.5.2.5.3}{\376\377\000W\000o\000r\000k\000f\000l\000o\000w\000\040\000a\000n\000d\000\040\000F\000l\000o\000w\000c\000h\000a\000r\000t}{subsection.5.2.5}% 44
\BOOKMARK [2][-]{subsection.5.2.6}{\376\377\000M\000e\000t\000a\000l\000-\000O\000x\000i\000d\000e\000-\000S\000e\000m\000i\000c\000o\000n\000d\000u\000c\000t\000o\000r\000\040\000F\000i\000e\000l\000d\000-\000E\000f\000f\000e\000c\000t\000\040\000T\000r\000a\000n\000s\000i\000s\000t\000o\000r\000\040\000\050\000M\000O\000S\000F\000E\000T\000\051}{section.5.2}% 45
\BOOKMARK [3][-]{subsubsection.5.2.6.1}{\376\377\000D\000e\000v\000i\000c\000e\000\040\000M\000o\000d\000e\000l}{subsection.5.2.6}% 46
\BOOKMARK [3][-]{subsubsection.5.2.6.2}{\376\377\000S\000o\000f\000t\000w\000a\000r\000e\000\040\000I\000m\000p\000l\000e\000m\000e\000n\000t\000a\000t\000i\000o\000n}{subsection.5.2.6}% 47
\BOOKMARK [3][-]{subsubsection.5.2.6.3}{\376\377\000W\000o\000r\000k\000f\000l\000o\000w\000\040\000a\000n\000d\000\040\000F\000l\000o\000w\000c\000h\000a\000r\000t}{subsection.5.2.6}% 48
\BOOKMARK [2][-]{subsection.5.2.7}{\376\377\000B\000i\000p\000o\000l\000a\000r\000\040\000J\000u\000n\000c\000t\000i\000o\000n\000\040\000T\000r\000a\000n\000s\000i\000s\000t\000o\000r\000\040\000\050\000B\000J\000T\000\051}{section.5.2}% 49
\BOOKMARK [3][-]{subsubsection.5.2.7.1}{\376\377\000D\000e\000v\000i\000c\000e\000\040\000M\000o\000d\000e\000l}{subsection.5.2.7}% 50
\BOOKMARK [3][-]{subsubsection.5.2.7.2}{\376\377\000S\000o\000f\000t\000w\000a\000r\000e\000\040\000I\000m\000p\000l\000e\000m\000e\000n\000t\000a\000t\000i\000o\000n}{subsection.5.2.7}% 51
\BOOKMARK [3][-]{subsubsection.5.2.7.3}{\376\377\000W\000o\000r\000k\000f\000l\000o\000w\000\040\000a\000n\000d\000\040\000F\000l\000o\000w\000c\000h\000a\000r\000t}{subsection.5.2.7}% 52
\BOOKMARK [2][-]{subsection.5.2.8}{\376\377\000I\000n\000d\000e\000p\000e\000n\000d\000e\000n\000t\000\040\000V\000o\000l\000t\000a\000g\000e\000\040\000S\000o\000u\000r\000c\000e\000\040\000\050\000V\000S\000\051}{section.5.2}% 53
\BOOKMARK [3][-]{subsubsection.5.2.8.1}{\376\377\000D\000e\000v\000i\000c\000e\000\040\000M\000o\000d\000e\000l}{subsection.5.2.8}% 54
\BOOKMARK [3][-]{subsubsection.5.2.8.2}{\376\377\000S\000o\000f\000t\000w\000a\000r\000e\000\040\000I\000m\000p\000l\000e\000m\000e\000n\000t\000a\000t\000i\000o\000n}{subsection.5.2.8}% 55
\BOOKMARK [3][-]{subsubsection.5.2.8.3}{\376\377\000W\000o\000r\000k\000f\000l\000o\000w\000\040\000a\000n\000d\000\040\000F\000l\000o\000w\000c\000h\000a\000r\000t}{subsection.5.2.8}% 56
\BOOKMARK [2][-]{subsection.5.2.9}{\376\377\000I\000n\000d\000e\000p\000e\000n\000d\000e\000n\000t\000\040\000C\000u\000r\000r\000e\000n\000t\000\040\000S\000o\000u\000r\000c\000e\000\040\000\050\000C\000S\000\051}{section.5.2}% 57
\BOOKMARK [3][-]{subsubsection.5.2.9.1}{\376\377\000D\000e\000v\000i\000c\000e\000\040\000M\000o\000d\000e\000l}{subsection.5.2.9}% 58
\BOOKMARK [3][-]{subsubsection.5.2.9.2}{\376\377\000S\000o\000f\000t\000w\000a\000r\000e\000\040\000I\000m\000p\000l\000e\000m\000e\000n\000t\000a\000t\000i\000o\000n}{subsection.5.2.9}% 59
\BOOKMARK [3][-]{subsubsection.5.2.9.3}{\376\377\000W\000o\000r\000k\000f\000l\000o\000w\000\040\000a\000n\000d\000\040\000F\000l\000o\000w\000c\000h\000a\000r\000t}{subsection.5.2.9}% 60
\BOOKMARK [2][-]{subsection.5.2.10}{\376\377\000V\000o\000l\000t\000a\000g\000e\000-\000C\000o\000n\000t\000r\000o\000l\000l\000e\000d\000\040\000C\000u\000r\000r\000e\000n\000t\000\040\000S\000o\000u\000r\000c\000e\000\040\000\050\000V\000C\000C\000S\000\051}{section.5.2}% 61
\BOOKMARK [3][-]{subsubsection.5.2.10.1}{\376\377\000D\000e\000v\000i\000c\000e\000\040\000M\000o\000d\000e\000l}{subsection.5.2.10}% 62
\BOOKMARK [3][-]{subsubsection.5.2.10.2}{\376\377\000S\000o\000f\000t\000w\000a\000r\000e\000\040\000I\000m\000p\000l\000e\000m\000e\000n\000t\000a\000t\000i\000o\000n}{subsection.5.2.10}% 63
\BOOKMARK [3][-]{subsubsection.5.2.10.3}{\376\377\000W\000o\000r\000k\000f\000l\000o\000w\000\040\000a\000n\000d\000\040\000F\000l\000o\000w\000c\000h\000a\000r\000t}{subsection.5.2.10}% 64
\BOOKMARK [2][-]{subsection.5.2.11}{\376\377\000V\000o\000l\000t\000a\000g\000e\000-\000C\000o\000n\000t\000r\000o\000l\000l\000e\000d\000\040\000V\000o\000l\000t\000a\000g\000e\000\040\000S\000o\000u\000r\000c\000e\000\040\000\050\000V\000C\000V\000S\000\051}{section.5.2}% 65
\BOOKMARK [3][-]{subsubsection.5.2.11.1}{\376\377\000D\000e\000v\000i\000c\000e\000\040\000M\000o\000d\000e\000l}{subsection.5.2.11}% 66
\BOOKMARK [3][-]{subsubsection.5.2.11.2}{\376\377\000S\000o\000f\000t\000w\000a\000r\000e\000\040\000I\000m\000p\000l\000e\000m\000e\000n\000t\000a\000t\000i\000o\000n}{subsection.5.2.11}% 67
\BOOKMARK [3][-]{subsubsection.5.2.11.3}{\376\377\000W\000o\000r\000k\000f\000l\000o\000w\000\040\000a\000n\000d\000\040\000F\000l\000o\000w\000c\000h\000a\000r\000t}{subsection.5.2.11}% 68
\BOOKMARK [2][-]{subsection.5.2.12}{\376\377\000C\000u\000r\000r\000e\000n\000t\000-\000C\000o\000n\000t\000r\000o\000l\000l\000e\000d\000\040\000C\000u\000r\000r\000e\000n\000t\000\040\000S\000o\000u\000r\000c\000e\000\040\000\050\000C\000C\000C\000S\000\051}{section.5.2}% 69
\BOOKMARK [3][-]{subsubsection.5.2.12.1}{\376\377\000D\000e\000v\000i\000c\000e\000\040\000M\000o\000d\000e\000l}{subsection.5.2.12}% 70
\BOOKMARK [3][-]{subsubsection.5.2.12.2}{\376\377\000S\000o\000f\000t\000w\000a\000r\000e\000\040\000I\000m\000p\000l\000e\000m\000e\000n\000t\000a\000t\000i\000o\000n}{subsection.5.2.12}% 71
\BOOKMARK [3][-]{subsubsection.5.2.12.3}{\376\377\000W\000o\000r\000k\000f\000l\000o\000w\000\040\000a\000n\000d\000\040\000F\000l\000o\000w\000c\000h\000a\000r\000t}{subsection.5.2.12}% 72
\BOOKMARK [2][-]{subsection.5.2.13}{\376\377\000C\000u\000r\000r\000e\000n\000t\000-\000C\000o\000n\000t\000r\000o\000l\000l\000e\000d\000\040\000V\000o\000l\000t\000a\000g\000e\000\040\000S\000o\000u\000r\000c\000e\000\040\000\050\000C\000C\000V\000S\000\051}{section.5.2}% 73
\BOOKMARK [3][-]{subsubsection.5.2.13.1}{\376\377\000D\000e\000v\000i\000c\000e\000\040\000M\000o\000d\000e\000l}{subsection.5.2.13}% 74
\BOOKMARK [3][-]{subsubsection.5.2.13.2}{\376\377\000S\000o\000f\000t\000w\000a\000r\000e\000\040\000I\000m\000p\000l\000e\000m\000e\000n\000t\000a\000t\000i\000o\000n}{subsection.5.2.13}% 75
\BOOKMARK [3][-]{subsubsection.5.2.13.3}{\376\377\000W\000o\000r\000k\000f\000l\000o\000w\000\040\000a\000n\000d\000\040\000F\000l\000o\000w\000c\000h\000a\000r\000t}{subsection.5.2.13}% 76
\BOOKMARK [1][-]{section.5.3}{\376\377\000M\000o\000d\000i\000f\000i\000e\000d\000\040\000N\000o\000d\000a\000l\000\040\000A\000n\000a\000l\000y\000s\000i\000s\000\040\000\050\000M\000N\000A\000\051}{chapter.5}% 77
\BOOKMARK [2][-]{subsection.5.3.1}{\376\377\000M\000a\000t\000r\000i\000x\000\040\000R\000e\000p\000r\000e\000s\000e\000n\000t\000a\000t\000i\000o\000n}{section.5.3}% 78
\BOOKMARK [2][-]{subsection.5.3.2}{\376\377\000S\000p\000a\000r\000s\000e\000\040\000M\000a\000t\000r\000i\000x\000\040\000C\000o\000n\000s\000t\000r\000u\000c\000t\000i\000o\000n}{section.5.3}% 79
\BOOKMARK [2][-]{subsection.5.3.3}{\376\377\000L\000i\000n\000e\000a\000r\000\040\000a\000n\000d\000\040\000N\000o\000n\000-\000L\000i\000n\000e\000a\000r\000\040\000P\000a\000r\000t\000i\000t\000i\000o\000n\000i\000n\000g}{section.5.3}% 80
\BOOKMARK [2][-]{subsection.5.3.4}{\376\377\000M\000a\000t\000r\000i\000x\000\040\000G\000l\000o\000b\000a\000l\000\040\000O\000p\000e\000r\000a\000t\000i\000o\000n\000s\000\040\000a\000n\000d\000\040\000O\000r\000c\000h\000e\000s\000t\000r\000a\000t\000i\000o\000n}{section.5.3}% 81
\BOOKMARK [2][-]{subsection.5.3.5}{\376\377\000K\000L\000U\000\040\000S\000o\000l\000v\000e\000r\000\040\000I\000n\000t\000e\000g\000r\000a\000t\000i\000o\000n}{section.5.3}% 82
\BOOKMARK [1][-]{section.5.4}{\376\377\000U\000n\000i\000t\000\040\000T\000e\000s\000t\000s}{chapter.5}% 83
\BOOKMARK [2][-]{subsection.5.4.1}{\376\377\000R\000e\000s\000i\000s\000t\000o\000r}{section.5.4}% 84
\BOOKMARK [3][-]{subsubsection.5.4.1.1}{\376\377\000I\000n\000t\000e\000r\000n\000a\000l\000\040\000C\000+\000+\000\040\000U\000n\000i\000t\000\040\000T\000e\000s\000t\000s\000\040\000\050\000G\000o\000o\000g\000l\000e\000\040\000T\000e\000s\000t\000\051}{subsection.5.4.1}% 85
\BOOKMARK [3][-]{subsubsection.5.4.1.2}{\376\377\000N\000G\000S\000p\000i\000c\000e\000\040\000V\000e\000r\000i\000f\000i\000c\000a\000t\000i\000o\000n}{subsection.5.4.1}% 86
\BOOKMARK [2][-]{subsection.5.4.2}{\376\377\000C\000a\000p\000a\000c\000i\000t\000o\000r}{section.5.4}% 87
\BOOKMARK [3][-]{subsubsection.5.4.2.1}{\376\377\000I\000n\000t\000e\000r\000n\000a\000l\000\040\000C\000+\000+\000\040\000U\000n\000i\000t\000\040\000T\000e\000s\000t\000s\000\040\000\050\000G\000o\000o\000g\000l\000e\000\040\000T\000e\000s\000t\000\051}{subsection.5.4.2}% 88
\BOOKMARK [3][-]{subsubsection.5.4.2.2}{\376\377\000N\000G\000S\000p\000i\000c\000e\000\040\000V\000e\000r\000i\000f\000i\000c\000a\000t\000i\000o\000n}{subsection.5.4.2}% 89
\BOOKMARK [2][-]{subsection.5.4.3}{\376\377\000I\000n\000d\000u\000c\000t\000o\000r}{section.5.4}% 90
\BOOKMARK [3][-]{subsubsection.5.4.3.1}{\376\377\000I\000n\000t\000e\000r\000n\000a\000l\000\040\000C\000+\000+\000\040\000U\000n\000i\000t\000\040\000T\000e\000s\000t\000s\000\040\000\050\000G\000o\000o\000g\000l\000e\000\040\000T\000e\000s\000t\000\051}{subsection.5.4.3}% 91
\BOOKMARK [3][-]{subsubsection.5.4.3.2}{\376\377\000N\000G\000S\000p\000i\000c\000e\000\040\000V\000e\000r\000i\000f\000i\000c\000a\000t\000i\000o\000n}{subsection.5.4.3}% 92
\BOOKMARK [2][-]{subsection.5.4.4}{\376\377\000D\000i\000o\000d\000e}{section.5.4}% 93
\BOOKMARK [3][-]{subsubsection.5.4.4.1}{\376\377\000I\000n\000t\000e\000r\000n\000a\000l\000\040\000C\000+\000+\000\040\000U\000n\000i\000t\000\040\000T\000e\000s\000t\000s\000\040\000\050\000G\000o\000o\000g\000l\000e\000\040\000T\000e\000s\000t\000\051}{subsection.5.4.4}% 94
\BOOKMARK [3][-]{subsubsection.5.4.4.2}{\376\377\000N\000G\000S\000p\000i\000c\000e\000\040\000V\000e\000r\000i\000f\000i\000c\000a\000t\000i\000o\000n}{subsection.5.4.4}% 95
\BOOKMARK [2][-]{subsection.5.4.5}{\376\377\000J\000u\000n\000c\000t\000i\000o\000n\000\040\000F\000i\000e\000l\000d\000-\000E\000f\000f\000e\000c\000t\000\040\000T\000r\000a\000n\000s\000i\000s\000t\000o\000r\000\040\000\050\000J\000F\000E\000T\000\051}{section.5.4}% 96
\BOOKMARK [3][-]{subsubsection.5.4.5.1}{\376\377\000I\000n\000t\000e\000r\000n\000a\000l\000\040\000C\000+\000+\000\040\000U\000n\000i\000t\000\040\000T\000e\000s\000t\000s\000\040\000\050\000G\000o\000o\000g\000l\000e\000\040\000T\000e\000s\000t\000\051}{subsection.5.4.5}% 97
\BOOKMARK [3][-]{subsubsection.5.4.5.2}{\376\377\000N\000G\000S\000p\000i\000c\000e\000\040\000V\000e\000r\000i\000f\000i\000c\000a\000t\000i\000o\000n}{subsection.5.4.5}% 98
\BOOKMARK [2][-]{subsection.5.4.6}{\376\377\000M\000e\000t\000a\000l\000-\000O\000x\000i\000d\000e\000-\000S\000e\000m\000i\000c\000o\000n\000d\000u\000c\000t\000o\000r\000\040\000F\000i\000e\000l\000d\000-\000E\000f\000f\000e\000c\000t\000\040\000T\000r\000a\000n\000s\000i\000s\000t\000o\000r\000\040\000\050\000M\000O\000S\000F\000E\000T\000\051}{section.5.4}% 99
\BOOKMARK [3][-]{subsubsection.5.4.6.1}{\376\377\000I\000n\000t\000e\000r\000n\000a\000l\000\040\000C\000+\000+\000\040\000U\000n\000i\000t\000\040\000T\000e\000s\000t\000s\000\040\000\050\000G\000o\000o\000g\000l\000e\000\040\000T\000e\000s\000t\000\051}{subsection.5.4.6}% 100
\BOOKMARK [3][-]{subsubsection.5.4.6.2}{\376\377\000N\000G\000S\000p\000i\000c\000e\000\040\000V\000e\000r\000i\000f\000i\000c\000a\000t\000i\000o\000n}{subsection.5.4.6}% 101
\BOOKMARK [2][-]{subsection.5.4.7}{\376\377\000B\000i\000p\000o\000l\000a\000r\000\040\000J\000u\000n\000c\000t\000i\000o\000n\000\040\000T\000r\000a\000n\000s\000i\000s\000t\000o\000r\000\040\000\050\000B\000J\000T\000\051}{section.5.4}% 102
\BOOKMARK [3][-]{subsubsection.5.4.7.1}{\376\377\000I\000n\000t\000e\000r\000n\000a\000l\000\040\000C\000+\000+\000\040\000U\000n\000i\000t\000\040\000T\000e\000s\000t\000s\000\040\000\050\000G\000o\000o\000g\000l\000e\000\040\000T\000e\000s\000t\000\051}{subsection.5.4.7}% 103
\BOOKMARK [3][-]{subsubsection.5.4.7.2}{\376\377\000N\000G\000S\000p\000i\000c\000e\000\040\000V\000e\000r\000i\000f\000i\000c\000a\000t\000i\000o\000n}{subsection.5.4.7}% 104
\BOOKMARK [2][-]{subsection.5.4.8}{\376\377\000I\000n\000d\000e\000p\000e\000n\000d\000e\000n\000t\000\040\000V\000o\000l\000t\000a\000g\000e\000\040\000S\000o\000u\000r\000c\000e\000\040\000\050\000V\000S\000\051}{section.5.4}% 105
\BOOKMARK [3][-]{subsubsection.5.4.8.1}{\376\377\000I\000n\000t\000e\000r\000n\000a\000l\000\040\000C\000+\000+\000\040\000U\000n\000i\000t\000\040\000T\000e\000s\000t\000s\000\040\000\050\000G\000o\000o\000g\000l\000e\000\040\000T\000e\000s\000t\000\051}{subsection.5.4.8}% 106
\BOOKMARK [3][-]{subsubsection.5.4.8.2}{\376\377\000N\000G\000S\000p\000i\000c\000e\000\040\000V\000e\000r\000i\000f\000i\000c\000a\000t\000i\000o\000n}{subsection.5.4.8}% 107
\BOOKMARK [2][-]{subsection.5.4.9}{\376\377\000I\000n\000d\000e\000p\000e\000n\000d\000e\000n\000t\000\040\000C\000u\000r\000r\000e\000n\000t\000\040\000S\000o\000u\000r\000c\000e\000\040\000\050\000C\000S\000\051}{section.5.4}% 108
\BOOKMARK [3][-]{subsubsection.5.4.9.1}{\376\377\000I\000n\000t\000e\000r\000n\000a\000l\000\040\000C\000+\000+\000\040\000U\000n\000i\000t\000\040\000T\000e\000s\000t\000s\000\040\000\050\000G\000o\000o\000g\000l\000e\000\040\000T\000e\000s\000t\000\051}{subsection.5.4.9}% 109
\BOOKMARK [3][-]{subsubsection.5.4.9.2}{\376\377\000N\000G\000S\000p\000i\000c\000e\000\040\000V\000e\000r\000i\000f\000i\000c\000a\000t\000i\000o\000n}{subsection.5.4.9}% 110
\BOOKMARK [2][-]{subsection.5.4.10}{\376\377\000V\000o\000l\000t\000a\000g\000e\000-\000C\000o\000n\000t\000r\000o\000l\000l\000e\000d\000\040\000C\000u\000r\000r\000e\000n\000t\000\040\000S\000o\000u\000r\000c\000e\000\040\000\050\000V\000C\000C\000S\000\051}{section.5.4}% 111
\BOOKMARK [3][-]{subsubsection.5.4.10.1}{\376\377\000I\000n\000t\000e\000r\000n\000a\000l\000\040\000C\000+\000+\000\040\000U\000n\000i\000t\000\040\000T\000e\000s\000t\000s}{subsection.5.4.10}% 112
\BOOKMARK [3][-]{subsubsection.5.4.10.2}{\376\377\000N\000G\000S\000p\000i\000c\000e\000\040\000V\000e\000r\000i\000f\000i\000c\000a\000t\000i\000o\000n}{subsection.5.4.10}% 113
\BOOKMARK [2][-]{subsection.5.4.11}{\376\377\000V\000o\000l\000t\000a\000g\000e\000-\000C\000o\000n\000t\000r\000o\000l\000l\000e\000d\000\040\000V\000o\000l\000t\000a\000g\000e\000\040\000S\000o\000u\000r\000c\000e\000\040\000\050\000V\000C\000V\000S\000\051}{section.5.4}% 114
\BOOKMARK [3][-]{subsubsection.5.4.11.1}{\376\377\000I\000n\000t\000e\000r\000n\000a\000l\000\040\000C\000+\000+\000\040\000U\000n\000i\000t\000\040\000T\000e\000s\000t\000s}{subsection.5.4.11}% 115
\BOOKMARK [3][-]{subsubsection.5.4.11.2}{\376\377\000N\000G\000S\000p\000i\000c\000e\000\040\000V\000e\000r\000i\000f\000i\000c\000a\000t\000i\000o\000n}{subsection.5.4.11}% 116
\BOOKMARK [2][-]{subsection.5.4.12}{\376\377\000C\000u\000r\000r\000e\000n\000t\000-\000C\000o\000n\000t\000r\000o\000l\000l\000e\000d\000\040\000C\000u\000r\000r\000e\000n\000t\000\040\000S\000o\000u\000r\000c\000e\000\040\000\050\000C\000C\000C\000S\000\051}{section.5.4}% 117
\BOOKMARK [3][-]{subsubsection.5.4.12.1}{\376\377\000I\000n\000t\000e\000r\000n\000a\000l\000\040\000C\000+\000+\000\040\000U\000n\000i\000t\000\040\000T\000e\000s\000t\000s}{subsection.5.4.12}% 118
\BOOKMARK [3][-]{subsubsection.5.4.12.2}{\376\377\000N\000G\000S\000p\000i\000c\000e\000\040\000V\000e\000r\000i\000f\000i\000c\000a\000t\000i\000o\000n}{subsection.5.4.12}% 119
\BOOKMARK [2][-]{subsection.5.4.13}{\376\377\000C\000u\000r\000r\000e\000n\000t\000-\000C\000o\000n\000t\000r\000o\000l\000l\000e\000d\000\040\000V\000o\000l\000t\000a\000g\000e\000\040\000S\000o\000u\000r\000c\000e\000\040\000\050\000C\000C\000V\000S\000\051}{section.5.4}% 120
\BOOKMARK [3][-]{subsubsection.5.4.13.1}{\376\377\000I\000n\000t\000e\000r\000n\000a\000l\000\040\000C\000+\000+\000\040\000U\000n\000i\000t\000\040\000T\000e\000s\000t\000s}{subsection.5.4.13}% 121
\BOOKMARK [3][-]{subsubsection.5.4.13.2}{\376\377\000N\000G\000S\000p\000i\000c\000e\000\040\000V\000e\000r\000i\000f\000i\000c\000a\000t\000i\000o\000n}{subsection.5.4.13}% 122
\BOOKMARK [0][-]{chapter.6}{\376\377\000S\000i\000m\000u\000l\000a\000t\000i\000o\000n\000\040\000E\000n\000g\000i\000n\000e}{}% 123
\BOOKMARK [1][-]{section.6.1}{\376\377\000I\000n\000t\000r\000o\000d\000u\000c\000t\000i\000o\000n}{chapter.6}% 124
\BOOKMARK [1][-]{section.6.2}{\376\377\000I\000n\000p\000u\000t\000\040\000f\000r\000o\000m\000\040\000M\000a\000t\000h\000e\000m\000a\000t\000i\000c\000a\000l\000\040\000M\000o\000d\000e\000l\000l\000i\000n\000g}{chapter.6}% 125
\BOOKMARK [1][-]{section.6.3}{\376\377\000A\000n\000a\000l\000y\000s\000i\000s\000\040\000F\000r\000a\000m\000e\000w\000o\000r\000k}{chapter.6}% 126
\BOOKMARK [2][-]{subsection.6.3.1}{\376\377\000D\000C\000\040\000O\000p\000e\000r\000a\000t\000i\000n\000g\000\040\000P\000o\000i\000n\000t\000\040\000\050\000.\000O\000P\000\051}{section.6.3}% 127
\BOOKMARK [2][-]{subsection.6.3.2}{\376\377\000D\000C\000\040\000S\000w\000e\000e\000p\000\040\000\050\000.\000D\000C\000\051}{section.6.3}% 128
\BOOKMARK [2][-]{subsection.6.3.3}{\376\377\000A\000C\000\040\000S\000m\000a\000l\000l\000-\000S\000i\000g\000n\000a\000l\000\040\000\050\000.\000A\000C\000\051}{section.6.3}% 129
\BOOKMARK [2][-]{subsection.6.3.4}{\376\377\000T\000r\000a\000n\000s\000i\000e\000n\000t\000\040\000\050\000.\000T\000R\000A\000N\000\051}{section.6.3}% 130
\BOOKMARK [1][-]{section.6.4}{\376\377\000L\000i\000n\000e\000a\000r\000\040\000S\000o\000l\000v\000e\000r\000\040\000A\000r\000c\000h\000i\000t\000e\000c\000t\000u\000r\000e}{chapter.6}% 131
\BOOKMARK [2][-]{subsection.6.4.1}{\376\377\000A\000b\000s\000t\000r\000a\000c\000t\000\040\000S\000o\000l\000v\000e\000r\000\040\000I\000n\000t\000e\000r\000f\000a\000c\000e}{section.6.4}% 132
\BOOKMARK [2][-]{subsection.6.4.2}{\376\377\000K\000L\000U\000\040\000S\000o\000l\000v\000e\000r}{section.6.4}% 133
\BOOKMARK [2][-]{subsection.6.4.3}{\376\377\000A\000l\000t\000e\000r\000n\000a\000t\000i\000v\000e\000\040\000B\000a\000c\000k\000e\000n\000d}{section.6.4}% 134
\BOOKMARK [2][-]{subsection.6.4.4}{\376\377\000C\000o\000m\000p\000l\000e\000x\000\040\000S\000o\000l\000v\000e\000r\000\040\000f\000o\000r\000\040\000A\000C\000\040\000A\000n\000a\000l\000y\000s\000i\000s}{section.6.4}% 135
\BOOKMARK [1][-]{section.6.5}{\376\377\000N\000o\000n\000l\000i\000n\000e\000a\000r\000\040\000S\000o\000l\000u\000t\000i\000o\000n\000\040\040\024\000\040\000N\000e\000w\000t\000o\000n\040\023\000R\000a\000p\000h\000s\000o\000n\000\040\000M\000e\000t\000h\000o\000d}{chapter.6}% 136
\BOOKMARK [2][-]{subsection.6.5.1}{\376\377\000N\000e\000w\000t\000o\000n\040\023\000R\000a\000p\000h\000s\000o\000n\000\040\000I\000t\000e\000r\000a\000t\000i\000o\000n}{section.6.5}% 137
\BOOKMARK [2][-]{subsection.6.5.2}{\376\377\000S\000P\000I\000C\000E\000\040\000C\000o\000n\000v\000e\000r\000g\000e\000n\000c\000e\000\040\000C\000r\000i\000t\000e\000r\000i\000o\000n}{section.6.5}% 138
\BOOKMARK [2][-]{subsection.6.5.3}{\376\377\000C\000o\000n\000v\000e\000r\000g\000e\000n\000c\000e\000\040\000A\000i\000d\000s}{section.6.5}% 139
\BOOKMARK [2][-]{subsection.6.5.4}{\376\377\000A\000d\000d\000i\000t\000i\000o\000n\000a\000l\000\040\000T\000r\000a\000n\000s\000i\000e\000n\000t\000\040\000S\000a\000f\000e\000g\000u\000a\000r\000d\000s}{section.6.5}% 140
\BOOKMARK [1][-]{section.6.6}{\376\377\000T\000r\000a\000n\000s\000i\000e\000n\000t\000\040\000A\000n\000a\000l\000y\000s\000i\000s}{chapter.6}% 141
\BOOKMARK [2][-]{subsection.6.6.1}{\376\377\000T\000i\000m\000e\000-\000S\000t\000e\000p\000p\000i\000n\000g\000\040\000L\000o\000o\000p}{section.6.6}% 142
\BOOKMARK [2][-]{subsection.6.6.2}{\376\377\000I\000n\000t\000e\000g\000r\000a\000t\000i\000o\000n\000\040\000M\000e\000t\000h\000o\000d\000s}{section.6.6}% 143
\BOOKMARK [2][-]{subsection.6.6.3}{\376\377\000A\000d\000a\000p\000t\000i\000v\000e\000\040\000T\000i\000m\000e\000s\000t\000e\000p\000\040\000C\000o\000n\000t\000r\000o\000l}{section.6.6}% 144
\BOOKMARK [1][-]{section.6.7}{\376\377\000O\000u\000t\000p\000u\000t\000\040\000G\000e\000n\000e\000r\000a\000t\000i\000o\000n}{chapter.6}% 145
\BOOKMARK [2][-]{subsection.6.7.1}{\376\377\000C\000o\000n\000s\000o\000l\000e\000\040\000O\000u\000t\000p\000u\000t}{section.6.7}% 146
\BOOKMARK [2][-]{subsection.6.7.2}{\376\377\000R\000a\000w\000\040\000F\000i\000l\000e\000\040\000O\000u\000t\000p\000u\000t}{section.6.7}% 147
\BOOKMARK [2][-]{subsection.6.7.3}{\376\377\000D\000i\000a\000g\000n\000o\000s\000t\000i\000c\000\040\000R\000e\000p\000o\000r\000t\000i\000n\000g}{section.6.7}% 148
\BOOKMARK [1][-]{section.6.8}{\376\377\000S\000u\000m\000m\000a\000r\000y}{chapter.6}% 149
\BOOKMARK [0][-]{chapter.7}{\376\377\000P\000o\000s\000t\000-\000P\000r\000o\000c\000e\000s\000s\000i\000n\000g}{}% 150
\BOOKMARK [1][-]{section.7.1}{\376\377\000I\000n\000t\000r\000o\000d\000u\000c\000t\000i\000o\000n}{chapter.7}% 151
\BOOKMARK [1][-]{section.7.2}{\376\377\000M\000e\000t\000h\000o\000d\000o\000l\000o\000g\000i\000c\000a\000l\000\040\000A\000r\000c\000h\000i\000t\000e\000c\000t\000u\000r\000e}{chapter.7}% 152
\BOOKMARK [1][-]{section.7.3}{\376\377\000D\000a\000t\000a\000\040\000M\000o\000d\000e\000l\000\040\000a\000n\000d\000\040\000N\000u\000m\000e\000r\000i\000c\000a\000l\000\040\000F\000o\000r\000m\000u\000l\000a\000t\000i\000o\000n}{chapter.7}% 153
\BOOKMARK [2][-]{subsection.7.3.1}{\376\377\000W\000a\000v\000e\000f\000o\000r\000m\000\040\000R\000e\000p\000r\000e\000s\000e\000n\000t\000a\000t\000i\000o\000n}{section.7.3}% 154
\BOOKMARK [2][-]{subsection.7.3.2}{\376\377\000R\000a\000w\000f\000i\000l\000e\000R\000e\000a\000d\000e\000r}{section.7.3}% 155
\BOOKMARK [2][-]{subsection.7.3.3}{\376\377\000W\000a\000v\000e\000f\000o\000r\000m\000\040\000D\000a\000t\000a\000b\000a\000s\000e}{section.7.3}% 156
\BOOKMARK [2][-]{subsection.7.3.4}{\376\377\000P\000l\000o\000t\000R\000e\000c\000o\000r\000d}{section.7.3}% 157
\BOOKMARK [1][-]{section.7.4}{\376\377\000C\000o\000m\000m\000a\000n\000d\000\040\000I\000n\000t\000e\000r\000f\000a\000c\000e}{chapter.7}% 158
\BOOKMARK [2][-]{subsection.7.4.1}{\376\377\000G\000r\000a\000m\000m\000a\000r}{section.7.4}% 159
\BOOKMARK [2][-]{subsection.7.4.2}{\376\377\000E\000x\000e\000c\000u\000t\000i\000o\000n\000\040\000M\000o\000d\000e\000s}{section.7.4}% 160
\BOOKMARK [2][-]{subsection.7.4.3}{\376\377\000C\000o\000m\000m\000a\000n\000d\000\040\000C\000a\000t\000e\000g\000o\000r\000i\000e\000s}{section.7.4}% 161
\BOOKMARK [3][-]{subsubsection.7.4.3.1}{\376\377\000m\000e\000a\000s}{subsection.7.4.3}% 162
\BOOKMARK [3][-]{subsubsection.7.4.3.2}{\376\377\000c\000a\000l\000c}{subsection.7.4.3}% 163
\BOOKMARK [3][-]{subsubsection.7.4.3.3}{\376\377\000p\000l\000o\000t}{subsection.7.4.3}% 164
\BOOKMARK [2][-]{subsection.7.4.4}{\376\377\000S\000i\000g\000n\000a\000l\000\040\000C\000o\000n\000v\000e\000n\000t\000i\000o\000n\000\040\000a\000n\000d\000\040\000E\000x\000a\000m\000p\000l\000e\000s}{section.7.4}% 165
\BOOKMARK [1][-]{section.7.5}{\376\377\000P\000r\000o\000c\000e\000s\000s\000i\000n\000g\000\040\000A\000l\000g\000o\000r\000i\000t\000h\000m\000s}{chapter.7}% 166
\BOOKMARK [2][-]{subsection.7.5.1}{\376\377\000M\000e\000a\000s\000u\000r\000e\000m\000e\000n\000t\000\040\000A\000l\000g\000o\000r\000i\000t\000h\000m\000s}{section.7.5}% 167
\BOOKMARK [3][-]{subsubsection.7.5.1.1}{\376\377\000S\000t\000a\000t\000i\000s\000t\000i\000c\000a\000l\000\040\000M\000e\000a\000s\000u\000r\000e\000m\000e\000n\000t\000s}{subsection.7.5.1}% 168
\BOOKMARK [3][-]{subsubsection.7.5.1.2}{\376\377\000T\000i\000m\000i\000n\000g\000\040\000M\000e\000a\000s\000u\000r\000e\000m\000e\000n\000t\000s}{subsection.7.5.1}% 169
\BOOKMARK [3][-]{subsubsection.7.5.1.3}{\376\377\000F\000r\000e\000q\000u\000e\000n\000c\000y\000\040\000M\000e\000a\000s\000u\000r\000e\000m\000e\000n\000t\000s}{subsection.7.5.1}% 170
\BOOKMARK [3][-]{subsubsection.7.5.1.4}{\376\377\000O\000t\000h\000e\000r\000\040\000M\000e\000a\000s\000u\000r\000e\000m\000e\000n\000t\000s}{subsection.7.5.1}% 171
\BOOKMARK [2][-]{subsection.7.5.2}{\376\377\000M\000e\000a\000s\000u\000r\000e\000m\000e\000n\000t\000\040\000S\000p\000e\000c\000i\000f\000i\000c\000a\000t\000i\000o\000n\000\040\000a\000n\000d\000\040\000U\000s\000e\000r\000\040\000I\000n\000t\000e\000r\000a\000c\000t\000i\000o\000n}{section.7.5}% 172
\BOOKMARK [2][-]{subsection.7.5.3}{\376\377\000N\000u\000m\000e\000r\000i\000c\000a\000l\000\040\000F\000o\000r\000m\000u\000l\000a\000t\000i\000o\000n\000\040\000a\000n\000d\000\040\000I\000n\000t\000e\000r\000p\000o\000l\000a\000t\000i\000o\000n}{section.7.5}% 173
\BOOKMARK [2][-]{subsection.7.5.4}{\376\377\000E\000x\000p\000r\000e\000s\000s\000i\000o\000n\000\040\000E\000v\000a\000l\000u\000a\000t\000i\000o\000n}{section.7.5}% 174
\BOOKMARK [2][-]{subsection.7.5.5}{\376\377\000E\000x\000p\000r\000e\000s\000s\000i\000o\000n\000\040\000E\000v\000a\000l\000u\000a\000t\000i\000o\000n\000\040\000S\000p\000e\000c\000i\000f\000i\000c\000a\000t\000i\000o\000n\000\040\000a\000n\000d\000\040\000U\000s\000e\000r\000\040\000I\000n\000t\000e\000r\000a\000c\000t\000i\000o\000n}{section.7.5}% 175
\BOOKMARK [3][-]{subsubsection.7.5.5.1}{\376\377\000S\000c\000a\000l\000a\000r\000\040\000A\000r\000i\000t\000h\000m\000e\000t\000i\000c}{subsection.7.5.5}% 176
\BOOKMARK [3][-]{subsubsection.7.5.5.2}{\376\377\000E\000n\000g\000i\000n\000e\000e\000r\000i\000n\000g\000\040\000S\000u\000f\000f\000i\000x\000e\000s}{subsection.7.5.5}% 177
\BOOKMARK [3][-]{subsubsection.7.5.5.3}{\376\377\000W\000a\000v\000e\000f\000o\000r\000m\000\040\000A\000r\000i\000t\000h\000m\000e\000t\000i\000c}{subsection.7.5.5}% 178
\BOOKMARK [3][-]{subsubsection.7.5.5.4}{\376\377\000E\000l\000e\000m\000e\000n\000t\000-\000w\000i\000s\000e\000\040\000F\000u\000n\000c\000t\000i\000o\000n\000s}{subsection.7.5.5}% 179
\BOOKMARK [3][-]{subsubsection.7.5.5.5}{\376\377\000R\000e\000d\000u\000c\000t\000i\000o\000n\000\040\000F\000u\000n\000c\000t\000i\000o\000n\000s}{subsection.7.5.5}% 180
\BOOKMARK [3][-]{subsubsection.7.5.5.6}{\376\377\000D\000i\000v\000i\000s\000i\000o\000n\000\040\000b\000y\000\040\000Z\000e\000r\000o}{subsection.7.5.5}% 181
\BOOKMARK [3][-]{subsubsection.7.5.5.7}{\376\377\000M\000i\000s\000s\000i\000n\000g\000\040\000O\000p\000e\000r\000a\000n\000d\000\040\000E\000r\000r\000o\000r}{subsection.7.5.5}% 182
\BOOKMARK [3][-]{subsubsection.7.5.5.8}{\376\377\000U\000n\000m\000a\000t\000c\000h\000e\000d\000\040\000P\000a\000r\000e\000n\000t\000h\000e\000s\000i\000s\000\040\000E\000r\000r\000o\000r}{subsection.7.5.5}% 183
\BOOKMARK [2][-]{subsection.7.5.6}{\376\377\000P\000l\000o\000t\000\040\000G\000e\000n\000e\000r\000a\000t\000i\000o\000n}{section.7.5}% 184
\BOOKMARK [2][-]{subsection.7.5.7}{\376\377\000P\000l\000o\000t\000t\000i\000n\000g\000\040\000S\000p\000e\000c\000i\000f\000i\000c\000a\000t\000i\000o\000n\000\040\000a\000n\000d\000\040\000U\000s\000e\000r\000\040\000I\000n\000t\000e\000r\000a\000c\000t\000i\000o\000n}{section.7.5}% 185
\BOOKMARK [3][-]{subsubsection.7.5.7.1}{\376\377\000P\000l\000o\000t\000\040\000C\000o\000m\000m\000a\000n\000d\000\040\000S\000p\000e\000c\000i\000f\000i\000c\000a\000t\000i\000o\000n\000\040\000a\000n\000d\000\040\000B\000e\000h\000a\000v\000i\000o\000u\000r}{subsection.7.5.7}% 186
\BOOKMARK [3][-]{subsubsection.7.5.7.2}{\376\377\000T\000r\000a\000n\000s\000i\000e\000n\000t\000\040\000\050\000T\000i\000m\000e\000-\000D\000o\000m\000a\000i\000n\000\051\000\040\000P\000l\000o\000t\000s}{subsection.7.5.7}% 187
\BOOKMARK [3][-]{subsubsection.7.5.7.3}{\376\377\000A\000C\000\040\000A\000n\000a\000l\000y\000s\000i\000s\000\040\000P\000l\000o\000t\000s}{subsection.7.5.7}% 188
\BOOKMARK [1][-]{section.7.6}{\376\377\000S\000o\000f\000t\000w\000a\000r\000e\000\040\000I\000m\000p\000l\000e\000m\000e\000n\000t\000a\000t\000i\000o\000n}{chapter.7}% 189
\BOOKMARK [2][-]{subsection.7.6.1}{\376\377\000C\000o\000m\000m\000a\000n\000d\000\040\000I\000n\000t\000e\000r\000p\000r\000e\000t\000e\000r}{section.7.6}% 190
\BOOKMARK [2][-]{subsection.7.6.2}{\376\377\000U\000M\000L\000\040\000D\000i\000a\000g\000r\000a\000m\000s}{section.7.6}% 191
\BOOKMARK [3][-]{subsubsection.7.6.2.1}{\376\377\000A\000p\000p\000l\000i\000c\000a\000t\000i\000o\000n\000\040\000E\000n\000t\000r\000y\000\040\000a\000n\000d\000\040\000C\000o\000r\000e\000\040\000I\000n\000t\000e\000r\000p\000r\000e\000t\000e\000r}{subsection.7.6.2}% 192
\BOOKMARK [3][-]{subsubsection.7.6.2.2}{\376\377\000C\000o\000m\000m\000a\000n\000d\000\040\000H\000i\000e\000r\000a\000r\000c\000h\000y}{subsection.7.6.2}% 193
\BOOKMARK [3][-]{subsubsection.7.6.2.3}{\376\377\000E\000x\000p\000r\000e\000s\000s\000i\000o\000n\000\040\000C\000a\000l\000c\000u\000l\000a\000t\000o\000r\000\040\000E\000n\000g\000i\000n\000e}{subsection.7.6.2}% 194
\BOOKMARK [3][-]{subsubsection.7.6.2.4}{\376\377\000M\000e\000a\000s\000u\000r\000e\000m\000e\000n\000t\000\040\000M\000o\000d\000u\000l\000e\000\040\000a\000n\000d\000\040\000V\000i\000s\000u\000a\000l\000i\000z\000a\000t\000i\000o\000n\000\040\000M\000o\000d\000u\000l\000e}{subsection.7.6.2}% 195
\BOOKMARK [3][-]{subsubsection.7.6.2.5}{\376\377\000W\000a\000v\000e\000f\000o\000r\000m\000\040\000D\000a\000t\000a\000b\000a\000s\000e\000\040\000a\000n\000d\000\040\000D\000a\000t\000a\000\040\000R\000e\000c\000o\000r\000d\000s}{subsection.7.6.2}% 196
\BOOKMARK [3][-]{subsubsection.7.6.2.6}{\376\377\000F\000i\000l\000e\000\040\000I\000/\000O\000\040\000L\000a\000y\000e\000r}{subsection.7.6.2}% 197
\BOOKMARK [2][-]{subsection.7.6.3}{\376\377\000E\000r\000r\000o\000r\000\040\000H\000a\000n\000d\000l\000i\000n\000g}{section.7.6}% 198
\BOOKMARK [3][-]{subsubsection.7.6.3.1}{\376\377\000E\000r\000r\000o\000r\000\040\000H\000a\000n\000d\000l\000i\000n\000g\000\040\000S\000t\000r\000a\000t\000e\000g\000y}{subsection.7.6.3}% 199
\BOOKMARK [3][-]{subsubsection.7.6.3.2}{\376\377\000S\000e\000l\000e\000c\000t\000e\000d\000\040\000E\000r\000r\000o\000r\000\040\000E\000x\000a\000m\000p\000l\000e\000s}{subsection.7.6.3}% 200
\BOOKMARK [1][-]{section.7.7}{\376\377\000V\000a\000l\000i\000d\000a\000t\000i\000o\000n\000\040\000a\000n\000d\000\040\000E\000v\000a\000l\000u\000a\000t\000i\000o\000n\000\040\000S\000c\000e\000n\000a\000r\000i\000o\000s}{chapter.7}% 201
\BOOKMARK [2][-]{subsection.7.7.1}{\376\377\000S\000c\000e\000n\000a\000r\000i\000o\000\040\000A\000:\000\040\000N\000u\000m\000e\000r\000i\000c\000a\000l\000\040\000A\000c\000c\000u\000r\000a\000c\000y\000\040\000a\000n\000d\000\040\000B\000o\000u\000n\000d\000a\000r\000y\000\040\000H\000a\000n\000d\000l\000i\000n\000g}{section.7.7}% 202
\BOOKMARK [2][-]{subsection.7.7.2}{\376\377\000S\000c\000e\000n\000a\000r\000i\000o\000\040\000B\000:\000\040\000P\000e\000r\000i\000o\000d\000i\000c\000\040\000S\000i\000g\000n\000a\000l\000\040\000A\000n\000a\000l\000y\000s\000i\000s\000\040\000a\000n\000d\000\040\000P\000h\000a\000s\000e\000\040\000C\000o\000n\000s\000t\000r\000a\000i\000n\000t\000s}{section.7.7}% 203
\BOOKMARK [2][-]{subsection.7.7.3}{\376\377\000S\000c\000e\000n\000a\000r\000i\000o\000\040\000C\000:\000\040\000E\000x\000p\000r\000e\000s\000s\000i\000o\000n\000\040\000P\000a\000r\000s\000i\000n\000g\000\040\000R\000o\000b\000u\000s\000t\000n\000e\000s\000s}{section.7.7}% 204
\BOOKMARK [2][-]{subsection.7.7.4}{\376\377\000S\000c\000e\000n\000a\000r\000i\000o\000\040\000D\000:\000\040\000V\000i\000s\000u\000a\000l\000i\000z\000a\000t\000i\000o\000n\000\040\000F\000i\000d\000e\000l\000i\000t\000y}{section.7.7}% 205
\BOOKMARK [2][-]{subsection.7.7.5}{\376\377\000E\000v\000a\000l\000u\000a\000t\000i\000o\000n\000\040\000S\000u\000m\000m\000a\000r\000y}{section.7.7}% 206
\BOOKMARK [1][-]{section.7.8}{\376\377\000E\000m\000p\000i\000r\000i\000c\000a\000l\000\040\000P\000e\000r\000f\000o\000r\000m\000a\000n\000c\000e\000\040\000E\000v\000a\000l\000u\000a\000t\000i\000o\000n}{chapter.7}% 207
\BOOKMARK [2][-]{subsection.7.8.1}{\376\377\000T\000i\000m\000e\000\040\000C\000o\000m\000p\000l\000e\000x\000i\000t\000y}{section.7.8}% 208
\BOOKMARK [2][-]{subsection.7.8.2}{\376\377\000S\000p\000a\000c\000e\000\040\000C\000o\000m\000p\000l\000e\000x\000i\000t\000y\000\040\000a\000n\000d\000\040\000T\000r\000a\000d\000e\000-\000o\000f\000f\000s}{section.7.8}% 209
\BOOKMARK [1][-]{section.7.9}{\376\377\000C\000o\000n\000c\000l\000u\000s\000i\000o\000n}{chapter.7}% 210
\BOOKMARK [0][-]{chapter.8}{\376\377\000B\000e\000n\000c\000h\000m\000a\000r\000k\000i\000n\000g}{}% 211
\BOOKMARK [1][-]{section.8.1}{\376\377\000I\000n\000t\000r\000o\000d\000u\000c\000t\000i\000o\000n}{chapter.8}% 212
\BOOKMARK [1][-]{section.8.2}{\376\377\000R\000e\000l\000a\000t\000e\000d\000\040\000W\000o\000r\000k}{chapter.8}% 213
\BOOKMARK [1][-]{section.8.3}{\376\377\000S\000u\000m\000m\000a\000r\000y}{chapter.8}% 214
\BOOKMARK [0][-]{chapter.9}{\376\377\000E\000n\000d\000-\000t\000o\000-\000E\000n\000d\000\040\000C\000i\000r\000c\000u\000i\000t\000\040\000S\000i\000m\000u\000l\000a\000t\000i\000o\000n}{}% 215
\BOOKMARK [1][-]{section.9.1}{\376\377\000I\000n\000t\000r\000o\000d\000u\000c\000t\000i\000o\000n}{chapter.9}% 216
\BOOKMARK [1][-]{section.9.2}{\376\377\000R\000e\000l\000a\000t\000e\000d\000\040\000W\000o\000r\000k}{chapter.9}% 217
\BOOKMARK [1][-]{section.9.3}{\376\377\000S\000u\000m\000m\000a\000r\000y}{chapter.9}% 218
\BOOKMARK [0][-]{chapter*.81}{\376\377\000R\000e\000f\000e\000r\000e\000n\000c\000e\000s}{}% 219
\BOOKMARK [0][-]{appendix.A}{\376\377\000A\000p\000p\000e\000n\000d\000i\000x\000\040\000A\000\040\000T\000i\000t\000l\000e}{}% 220
